<?xml version="1.0" encoding="UTF-8"?>
<!-- Generated by org.testng.reporters.JUnitReportReporter -->
<testsuite skipped="0" hostname="LAPTOP-F6E9TQVT" name="souled.souled" tests="14" failures="0" timestamp="2020-03-11T14:38:22 IST" time="19.304" errors="0">
  <testcase name="login_btn" time="0.552" classname="souled.souled"/>
  <testcase name="login" time="2.047" classname="souled.souled"/>
  <testcase name="login_pass" time="0.402" classname="souled.souled"/>
  <testcase name="search" time="0.184" classname="souled.souled"/>
  <testcase name="select_item" time="13.866" classname="souled.souled"/>
  <testcase name="add_to_cart" time="0.186" classname="souled.souled"/>
  <testcase name="share" time="1.475" classname="souled.souled"/>
  <testcase name="quantity" time="0.184" classname="souled.souled"/>
  <testcase name="pro_des" time="0.246" classname="souled.souled"/>
  <testcase name="pro_material" time="0.031" classname="souled.souled"/>
  <testcase name="pro_detail" time="0.029" classname="souled.souled"/>
  <testcase name="wash_care" time="0.035" classname="souled.souled"/>
  <testcase name="sizing" time="0.030" classname="souled.souled"/>
  <testcase name="del_pro" time="0.037" classname="souled.souled"/>
</testsuite> <!-- souled.souled -->
