<?xml version="1.0" encoding="UTF-8"?>
<!-- Generated by org.testng.reporters.JUnitReportReporter -->
<testsuite skipped="0" hostname="LAPTOP-F6E9TQVT" name="souled.souled" tests="8" failures="0" timestamp="2020-03-10T20:25:09 IST" time="63.613" errors="0">
  <testcase name="login_btn" time="0.306" classname="souled.souled"/>
  <testcase name="login" time="0.857" classname="souled.souled"/>
  <testcase name="login_pass" time="1.048" classname="souled.souled"/>
  <testcase name="search" time="0.180" classname="souled.souled"/>
  <testcase name="select_item" time="60.175" classname="souled.souled"/>
  <testcase name="add_to_cart" time="0.154" classname="souled.souled"/>
  <testcase name="share" time="0.088" classname="souled.souled"/>
  <testcase name="quantity" time="0.805" classname="souled.souled"/>
</testsuite> <!-- souled.souled -->
