<?xml version="1.0" encoding="UTF-8"?>
<!-- Generated by org.testng.reporters.JUnitReportReporter -->
<testsuite skipped="0" hostname="LAPTOP-F6E9TQVT" name="souled.souled" tests="6" failures="0" timestamp="2020-03-10T16:27:20 IST" time="72.072" errors="0">
  <testcase name="login_btn" time="19.877" classname="souled.souled"/>
  <testcase name="login" time="3.710" classname="souled.souled"/>
  <testcase name="login_pass" time="1.048" classname="souled.souled"/>
  <testcase name="search" time="0.150" classname="souled.souled"/>
  <testcase name="select_item" time="44.627" classname="souled.souled"/>
  <testcase name="buy_now" time="2.660" classname="souled.souled"/>
</testsuite> <!-- souled.souled -->
