<?xml version="1.0" encoding="UTF-8"?>
<!-- Generated by org.testng.reporters.JUnitReportReporter -->
<testsuite skipped="0" hostname="LAPTOP-F6E9TQVT" name="souled.souled2" tests="27" failures="0" timestamp="2020-03-12T12:14:18 IST" time="15.724" errors="0">
  <testcase name="login_btn" time="1.239" classname="souled.souled2"/>
  <testcase name="login" time="1.483" classname="souled.souled2"/>
  <testcase name="login_pass" time="1.262" classname="souled.souled2"/>
  <testcase name="search" time="1.391" classname="souled.souled2"/>
  <testcase name="select_item" time="6.120" classname="souled.souled2"/>
  <testcase name="add_to_cart" time="0.075" classname="souled.souled2"/>
  <testcase name="share" time="0.087" classname="souled.souled2"/>
  <testcase name="quantity" time="0.361" classname="souled.souled2"/>
  <testcase name="pro_des" time="0.152" classname="souled.souled2"/>
  <testcase name="pro_material" time="0.036" classname="souled.souled2"/>
  <testcase name="pro_detail" time="0.031" classname="souled.souled2"/>
  <testcase name="wash_care" time="0.019" classname="souled.souled2"/>
  <testcase name="sizing" time="0.025" classname="souled.souled2"/>
  <testcase name="del_pro" time="0.030" classname="souled.souled2"/>
  <testcase name="del_time" time="0.027" classname="souled.souled2"/>
  <testcase name="side_bar" time="0.020" classname="souled.souled2"/>
  <testcase name="select_size" time="0.157" classname="souled.souled2"/>
  <testcase name="addtc" time="0.222" classname="souled.souled2"/>
  <testcase name="gtc" time="2.331" classname="souled.souled2"/>
  <testcase name="tot_payable" time="0.056" classname="souled.souled2"/>
  <testcase name="no_of_items_cart" time="0.140" classname="souled.souled2"/>
  <testcase name="cart_item_details" time="0.141" classname="souled.souled2"/>
  <testcase name="coupon" time="0.066" classname="souled.souled2"/>
  <testcase name="billing_details" time="0.080" classname="souled.souled2"/>
  <testcase name="total_payable" time="0.091" classname="souled.souled2"/>
  <testcase name="need_help" time="0.047" classname="souled.souled2"/>
  <testcase name="about" time="0.035" classname="souled.souled2"/>
</testsuite> <!-- souled.souled2 -->
