<?xml version="1.0" encoding="UTF-8"?>
<!-- Generated by org.testng.reporters.JUnitReportReporter -->
<testsuite skipped="0" hostname="LAPTOP-F6E9TQVT" name="souled.souled" tests="16" failures="0" timestamp="2020-03-12T12:16:46 IST" time="11.904" errors="0">
  <testcase name="login_btn" time="0.187" classname="souled.souled"/>
  <testcase name="login" time="1.196" classname="souled.souled"/>
  <testcase name="login_pass" time="0.296" classname="souled.souled"/>
  <testcase name="search" time="0.149" classname="souled.souled"/>
  <testcase name="select_item" time="8.180" classname="souled.souled"/>
  <testcase name="add_to_cart" time="0.709" classname="souled.souled"/>
  <testcase name="share" time="0.889" classname="souled.souled"/>
  <testcase name="quantity" time="0.038" classname="souled.souled"/>
  <testcase name="pro_des" time="0.027" classname="souled.souled"/>
  <testcase name="pro_material" time="0.025" classname="souled.souled"/>
  <testcase name="pro_detail" time="0.022" classname="souled.souled"/>
  <testcase name="wash_care" time="0.079" classname="souled.souled"/>
  <testcase name="sizing" time="0.024" classname="souled.souled"/>
  <testcase name="del_pro" time="0.024" classname="souled.souled"/>
  <testcase name="del_time" time="0.034" classname="souled.souled"/>
  <testcase name="side_bar" time="0.025" classname="souled.souled"/>
</testsuite> <!-- souled.souled -->
