<?xml version="1.0" encoding="UTF-8"?>
<!-- Generated by org.testng.reporters.JUnitReportReporter -->
<testsuite skipped="0" hostname="LAPTOP-F6E9TQVT" name="souled.souled" tests="4" failures="0" timestamp="2020-03-10T02:50:19 IST" time="11.051" errors="0">
  <testcase name="login_btn" time="1.496" classname="souled.souled"/>
  <testcase name="login" time="4.054" classname="souled.souled"/>
  <testcase name="login_pass" time="0.196" classname="souled.souled"/>
  <testcase name="search" time="5.305" classname="souled.souled"/>
</testsuite> <!-- souled.souled -->
